[0mGET / [36m304[0m 12.308 ms - -[0m
[0mGET /login [36m304[0m 3.796 ms - -[0m
GET -
GET -
GET Tue, 06 Dec 2022 12:04:01 GMT
::1 - - [11/Dec/2022:06:10:52 +0000] "GET /login HTTP/1.1" 304 -
::1 - - [11/Dec/2022:06:10:58 +0000] "GET / HTTP/1.1" 304 -
::1 - - [11/Dec/2022:06:11:10 +0000] "GET /login HTTP/1.1" 304 -
::1 - - [11/Dec/2022:06:12:06 +0000] "GET /login HTTP/1.1" 304 -
::1 - - [11/Dec/2022:06:12:09 +0000] "GET / HTTP/1.1" 200 70
::1 - - [11/Dec/2022:06:12:31 +0000] "GET / HTTP/1.1" 304 -
::1 - - [11/Dec/2022:06:12:52 +0000] "GET / HTTP/1.1" 200 74
::1 - - [11/Dec/2022:06:13:29 +0000] "GET / HTTP/1.1" 200 350
::1 - - [11/Dec/2022:06:13:37 +0000] "GET / HTTP/1.1" 304 -
::1 - - [11/Dec/2022:06:13:38 +0000] "GET / HTTP/1.1" 304 -
::1 - - [11/Dec/2022:06:14:09 +0000] "GET / HTTP/1.1" 200 363
::1 - - [11/Dec/2022:06:14:11 +0000] "GET /login HTTP/1.1" 304 -
::1 - - [11/Dec/2022:06:14:14 +0000] "GET /register HTTP/1.1" 200 943
::1 - - [11/Dec/2022:06:14:44 +0000] "GET / HTTP/1.1" 200 348
::1 - - [11/Dec/2022:06:24:15 +0000] "GET / HTTP/1.1" 304 -
::1 - - [11/Dec/2022:07:21:10 +0000] "GET / HTTP/1.1" 304 -
::1 - - [11/Dec/2022:07:21:13 +0000] "GET /login HTTP/1.1" 304 -
::1 - - [11/Dec/2022:07:21:21 +0000] "POST /login HTTP/1.1" 200 16
::1 - - [11/Dec/2022:07:23:47 +0000] "GET /login HTTP/1.1" 200 748
::1 - - [11/Dec/2022:07:23:52 +0000] "POST /login HTTP/1.1" 200 16
::1 - - [11/Dec/2022:07:39:59 +0000] "GET /login HTTP/1.1" 200 748
::1 - - [11/Dec/2022:07:40:04 +0000] "POST /login HTTP/1.1" 200 16
::1 - - [11/Dec/2022:07:42:47 +0000] "GET /login HTTP/1.1" 200 748
::1 - - [11/Dec/2022:07:42:52 +0000] "POST /login HTTP/1.1" 200 16
::1 - - [12/Dec/2022:03:35:35 +0000] "GET /login HTTP/1.1" 200 748
::1 - - [12/Dec/2022:03:35:39 +0000] "GET / HTTP/1.1" 200 352
::1 - - [12/Dec/2022:03:35:41 +0000] "GET /login HTTP/1.1" 304 -
::1 - - [12/Dec/2022:03:35:46 +0000] "POST /login HTTP/1.1" 200 16
::1 - - [12/Dec/2022:03:35:46 +0000] "GET /login_index HTTP/1.1" 404 150
::1 - - [12/Dec/2022:03:38:26 +0000] "GET /login_index HTTP/1.1" 404 150
::1 - - [12/Dec/2022:03:38:39 +0000] "GET / HTTP/1.1" 304 -
::1 - - [12/Dec/2022:03:38:41 +0000] "GET /login HTTP/1.1" 200 748
::1 - - [12/Dec/2022:03:38:45 +0000] "POST /login HTTP/1.1" 200 65
::1 - - [12/Dec/2022:03:38:49 +0000] "POST /login HTTP/1.1" 200 65
::1 - - [12/Dec/2022:03:38:59 +0000] "POST /login HTTP/1.1" 200 68
::1 - - [12/Dec/2022:03:39:05 +0000] "POST /login HTTP/1.1" 200 16
::1 - - [12/Dec/2022:03:39:05 +0000] "GET /login_index HTTP/1.1" 200 384
::1 - - [12/Dec/2022:03:40:44 +0000] "GET /login_index HTTP/1.1" 304 -
::1 - - [12/Dec/2022:03:40:46 +0000] "GET /logout HTTP/1.1" 200 352
::1 - - [12/Dec/2022:03:40:54 +0000] "GET /register HTTP/1.1" 304 -
::1 - - [12/Dec/2022:03:40:56 +0000] "GET /login HTTP/1.1" 200 748
::1 - - [12/Dec/2022:03:49:59 +0000] "GET / HTTP/1.1" 200 522
::1 - - [12/Dec/2022:03:51:32 +0000] "GET / HTTP/1.1" 500 1537
::1 - - [12/Dec/2022:03:51:32 +0000] "GET / HTTP/1.1" 500 1537
::1 - - [12/Dec/2022:03:52:03 +0000] "GET / HTTP/1.1" 500 1529
::1 - - [12/Dec/2022:03:57:11 +0000] "GET / HTTP/1.1" 500 1529
::1 - - [12/Dec/2022:03:57:32 +0000] "GET / HTTP/1.1" 500 1540
::1 - - [12/Dec/2022:03:57:41 +0000] "GET / HTTP/1.1" 500 1540
::1 - - [12/Dec/2022:04:01:08 +0000] "GET / HTTP/1.1" 500 1840
::1 - - [12/Dec/2022:04:03:54 +0000] "GET / HTTP/1.1" 500 1536
::1 - - [12/Dec/2022:04:04:37 +0000] "GET / HTTP/1.1" 500 1245
::1 - - [12/Dec/2022:04:05:26 +0000] "GET / HTTP/1.1" 500 1245
::1 - - [12/Dec/2022:04:06:37 +0000] "GET / HTTP/1.1" 500 1245
::1 - - [12/Dec/2022:04:07:34 +0000] "GET / HTTP/1.1" 200 348
::1 - - [12/Dec/2022:04:07:40 +0000] "GET /login HTTP/1.1" 304 -
::1 - - [12/Dec/2022:04:07:47 +0000] "POST /login HTTP/1.1" 200 16
::1 - - [12/Dec/2022:04:07:48 +0000] "GET /login_index HTTP/1.1" 304 -
::1 - - [12/Dec/2022:04:07:50 +0000] "GET /myPage HTTP/1.1" 404 145
::1 - - [12/Dec/2022:04:08:31 +0000] "GET /login_index HTTP/1.1" 304 -
::1 - - [12/Dec/2022:04:08:33 +0000] "GET /myPage HTTP/1.1" 404 145
::1 - - [12/Dec/2022:04:08:56 +0000] "GET /myPage HTTP/1.1" 404 145
::1 - - [12/Dec/2022:04:09:05 +0000] "GET /myPage HTTP/1.1" 200 406
::1 - - [12/Dec/2022:04:20:47 +0000] "GET /myPage HTTP/1.1" 500 1735
::1 - - [12/Dec/2022:04:20:59 +0000] "GET /myPage HTTP/1.1" 500 1743
::1 - - [12/Dec/2022:04:21:02 +0000] "GET / HTTP/1.1" 304 -
::1 - - [12/Dec/2022:04:21:04 +0000] "GET /login HTTP/1.1" 200 748
::1 - - [12/Dec/2022:04:21:11 +0000] "POST /login HTTP/1.1" 200 16
::1 - - [12/Dec/2022:04:21:12 +0000] "GET /login_index HTTP/1.1" 304 -
::1 - - [12/Dec/2022:04:21:13 +0000] "GET /myPage HTTP/1.1" 500 1743
::1 - - [12/Dec/2022:04:22:01 +0000] "GET /myPage HTTP/1.1" 500 1735
::1 - - [12/Dec/2022:04:22:54 +0000] "GET /myPage HTTP/1.1" 500 1732
::1 - - [12/Dec/2022:04:23:02 +0000] "GET /myPage HTTP/1.1" 500 1736
